[2025-06-17T15:19:09.670Z] createParking: Creating with address=אשכולי 4 ירושלים
[2025-06-17T15:19:12.243Z] createTimeSlot: Creating TimeSlot with data={"parkingId":6,"slots":[{"type":"קבוע","days":["ראשון","שני","שלישי","רביעי"],"startTime":"18:14","endTime":"23:14"}]}
[2025-06-17T15:21:59.919Z] createParking: Creating with address=אשכולי 4 ירושלים
[2025-06-17T15:22:02.081Z] createTimeSlot: Creating TimeSlot with data={"parkingId":7,"slots":[{"type":"קבוע","days":["ראשון"],"startTime":"18:21","endTime":"23:21","price":100}]}
[2025-06-17T15:28:45.687Z] createParking: Creating with address=אשכולי 4 ירושלים
[2025-06-17T15:28:46.889Z] createTimeSlot: Creating TimeSlot with data=[{"type":"קבוע","days":["ראשון"],"startTime":"18:21","endTime":"23:21","price":100,"parkingId":8}]
[2025-06-17T15:36:57.377Z] createParking: Creating with address=אשכולי 4 ירושלים
[2025-06-17T15:36:58.462Z] createTimeSlot: Creating TimeSlot with data=[{"type":"fixed","days":["ראשון"],"startTime":"12:02","endTime":"23:05","price":100,"parkingId":9}]
[2025-06-17T15:39:07.915Z] createParking: Creating with address=אשכולי 4 ירושלים
[2025-06-17T15:39:08.965Z] createTimeSlot: Creating TimeSlot with data=[{"type":"fixed","days":["ראשון"],"startTime":"12:02","endTime":"23:05","price":100,"parkingId":10}]
[2025-06-17T15:39:30.496Z] createParking: Creating with address=אשכולי 4 ירושלים
[2025-06-17T15:39:31.041Z] createTimeSlot: Creating TimeSlot with data=[{"type":"fixed","days":["ראשון"],"startTime":"12:02","endTime":"23:05","price":100,"parkingId":11}]
[2025-06-17T15:40:20.939Z] getParkingsByParams: filters={"ownerId":"2"}, pagination={"limit":null,"offset":null}
[2025-06-17T15:40:20.971Z] getParkingsByParams: filters={"ownerId":"2"}, pagination={"limit":null,"offset":null}
[2025-06-17T15:40:33.410Z] getParkingsByParams: filters={"ownerId":"2"}, pagination={"limit":null,"offset":null}
[2025-06-17T15:40:33.424Z] getParkingsByParams: filters={"ownerId":"2"}, pagination={"limit":null,"offset":null}
[2025-06-17T15:40:57.459Z] deleteParking: Deleting parking with id=8
[2025-06-17T15:41:01.200Z] deleteParking: Deleting parking with id=5
[2025-06-17T15:41:02.872Z] getParkingsByParams: filters={"ownerId":"2"}, pagination={"limit":null,"offset":null}
[2025-06-17T15:41:02.886Z] getParkingsByParams: filters={"ownerId":"2"}, pagination={"limit":null,"offset":null}
[2025-06-17T15:43:48.146Z] deleteParking: Deleting parking with id=5
[2025-06-17T15:47:45.959Z] searchParkings: query={"lat":"32.0853","lng":"34.7818"}
[2025-06-17T15:47:46.008Z] searchParkings: final conditions={"parkingId":{},"isRented":false,"price":{},"type":{}}
[2025-06-17T15:47:46.057Z] searchParkings: query={"lat":"32.0853","lng":"34.7818"}
[2025-06-17T15:47:46.065Z] searchParkings: final conditions={"parkingId":{},"isRented":false,"price":{},"type":{}}
[2025-06-17T15:48:23.139Z] getParkingsByParams: filters={"ownerId":"2"}, pagination={"limit":null,"offset":null}
[2025-06-17T15:48:23.163Z] getParkingsByParams: filters={"ownerId":"2"}, pagination={"limit":null,"offset":null}
[2025-06-17T15:49:01.787Z] createParking: Creating with address=אשכולי 4 ירושלים
[2025-06-17T15:49:03.518Z] createTimeSlot: Creating TimeSlot with data=[{"type":"fixed","days":["ראשון"],"startTime":"18:48","endTime":"23:48","price":100,"parkingId":21}]
[2025-06-17T15:49:09.419Z] getParkingsByParams: filters={"ownerId":"2"}, pagination={"limit":null,"offset":null}
[2025-06-17T15:49:09.431Z] getParkingsByParams: filters={"ownerId":"2"}, pagination={"limit":null,"offset":null}
[2025-06-17T15:49:11.868Z] getTimeSlotsByParkingId: Fetching TimeSlots for parkingId=21
[2025-06-17T15:49:11.884Z] getReportsByParkingId: Fetching reports for parkingId=21
[2025-06-17T15:49:11.889Z] getTimeSlotsByParkingId: Fetching TimeSlots for parkingId=21
[2025-06-17T15:49:11.910Z] getReportsByParkingId: Fetching reports for parkingId=21
[2025-06-17T15:49:18.328Z] getParkingsByParams: filters={"ownerId":"2"}, pagination={"limit":null,"offset":null}
[2025-06-17T15:49:18.344Z] getParkingsByParams: filters={"ownerId":"2"}, pagination={"limit":null,"offset":null}
[2025-06-17T15:49:21.322Z] deleteParking: Deleting parking with id=21
[2025-06-17T15:49:26.641Z] getParkingsByParams: filters={"ownerId":"2"}, pagination={"limit":null,"offset":null}
[2025-06-17T15:49:26.652Z] getParkingsByParams: filters={"ownerId":"2"}, pagination={"limit":null,"offset":null}
[2025-06-17T15:50:26.927Z] getTimeSlotsByParkingId: Fetching TimeSlots for parkingId=21
[2025-06-17T15:50:26.939Z] getReportsByParkingId: Fetching reports for parkingId=21
[2025-06-17T15:50:26.962Z] getTimeSlotsByParkingId: Fetching TimeSlots for parkingId=21
[2025-06-17T15:50:26.966Z] getReportsByParkingId: Fetching reports for parkingId=21
